\BOOKMARK [0][-]{chapter.1}{\376\377\000I\000n\000t\000r\000o\000d\000u\000c\000t\000i\000o\000n}{}% 1
\BOOKMARK [1][-]{section.1.1}{\376\377\000P\000s\000y\000c\000h\000o\000l\000o\000g\000i\000c\000a\000l\000\040\000N\000e\000t\000w\000o\000r\000k\000s}{chapter.1}% 2
\BOOKMARK [2][-]{subsection.1.1.1}{\376\377\000I\000n\000t\000e\000r\000p\000r\000e\000t\000i\000n\000g\000\040\000N\000e\000t\000w\000o\000r\000k\000\040\000M\000o\000d\000e\000l\000s}{section.1.1}% 3
\BOOKMARK [3][-]{subsubsection.1.1.1.1}{\376\377\000C\000o\000n\000d\000i\000t\000i\000o\000n\000a\000l\000\040\000a\000s\000s\000o\000c\000i\000a\000t\000i\000o\000n\000s}{subsection.1.1.1}% 4
\BOOKMARK [3][-]{subsubsection.1.1.1.2}{\376\377\000T\000y\000p\000e\000s\000\040\000o\000f\000\040\000n\000e\000t\000w\000o\000r\000k\000s}{subsection.1.1.1}% 5
\BOOKMARK [2][-]{subsection.1.1.2}{\376\377\000E\000x\000t\000e\000n\000d\000i\000n\000g\000\040\000N\000e\000t\000w\000o\000r\000k\000\040\000M\000o\000d\000e\000l\000s}{section.1.1}% 6
\BOOKMARK [1][-]{section.1.2}{\376\377\000B\000a\000s\000i\000c\000s\000\040\000o\000f\000\040\000M\000o\000d\000e\000r\000a\000t\000i\000o\000n}{chapter.1}% 7
\BOOKMARK [2][-]{subsection.1.2.1}{\376\377\000I\000n\000t\000e\000r\000p\000r\000e\000t\000i\000n\000g\000\040\000M\000u\000l\000t\000i\000p\000l\000i\000c\000a\000t\000i\000v\000e\000\040\000T\000e\000r\000m\000s}{section.1.2}% 8
\BOOKMARK [2][-]{subsection.1.2.2}{\376\377\000C\000o\000n\000d\000i\000t\000i\000o\000n\000a\000l\000\040\000M\000a\000r\000g\000i\000n\000a\000l\000\040\000E\000f\000f\000e\000c\000t\000s}{section.1.2}% 9
\BOOKMARK [2][-]{subsection.1.2.3}{\376\377\000V\000i\000s\000u\000a\000l\000i\000z\000i\000n\000g\000\040\000M\000o\000d\000e\000r\000a\000t\000i\000o\000n\000\040\000E\000f\000f\000e\000c\000t\000s}{section.1.2}% 10
\BOOKMARK [3][-]{subsubsection.1.2.3.1}{\376\377\000\050\000C\000o\000n\000d\000i\000t\000i\000o\000n\000a\000l\000\051\000\040\000m\000a\000r\000g\000i\000n\000a\000l\000\040\000e\000f\000f\000e\000c\000t\000s\000\040\000p\000l\000o\000t}{subsection.1.2.3}% 11
\BOOKMARK [3][-]{subsubsection.1.2.3.2}{\376\377\000D\000i\000s\000c\000u\000s\000s\000i\000o\000n}{subsection.1.2.3}% 12
\BOOKMARK [2][-]{subsection.1.2.4}{\376\377\000S\000u\000m\000m\000a\000r\000y}{section.1.2}% 13
\BOOKMARK [0][-]{chapter.2}{\376\377\000M\000o\000d\000e\000r\000a\000t\000e\000d\000\040\000N\000e\000t\000w\000o\000r\000k\000\040\000M\000o\000d\000e\000l\000s}{}% 14
\BOOKMARK [1][-]{section.2.1}{\376\377\000E\000s\000t\000i\000m\000a\000t\000i\000o\000n}{chapter.2}% 15
\BOOKMARK [1][-]{section.2.2}{\376\377\000A\000n\000a\000l\000y\000z\000i\000n\000g\000\040\000M\000o\000d\000e\000r\000a\000t\000e\000d\000\040\000N\000e\000t\000w\000o\000r\000k\000s}{chapter.2}% 16
\BOOKMARK [2][-]{subsection.2.2.1}{\376\377\000V\000i\000s\000u\000a\000l\000i\000z\000a\000t\000i\000o\000n}{section.2.2}% 17
\BOOKMARK [2][-]{subsection.2.2.2}{\376\377\000V\000i\000s\000u\000a\000l\000i\000z\000i\000n\000g\000\040\000t\000h\000e\000\040\000e\000x\000o\000g\000e\000n\000o\000u\000s\000\040\000m\000o\000d\000e\000r\000a\000t\000o\000r}{section.2.2}% 18
\BOOKMARK [2][-]{subsection.2.2.3}{\376\377\000C\000o\000n\000d\000i\000t\000i\000o\000n\000a\000l\000\040\000n\000e\000t\000w\000o\000r\000k\000s}{section.2.2}% 19
\BOOKMARK [2][-]{subsection.2.2.4}{\376\377\000I\000n\000t\000e\000r\000p\000r\000e\000t\000i\000n\000g\000\040\000r\000e\000s\000u\000l\000t\000s}{section.2.2}% 20
\BOOKMARK [2][-]{subsection.2.2.5}{\376\377\000S\000u\000m\000m\000a\000r\000y}{section.2.2}% 21
\BOOKMARK [1][-]{section.2.3}{\376\377\000M\000o\000d\000e\000l\000\040\000C\000o\000m\000p\000a\000r\000i\000s\000o\000n}{chapter.2}% 22
\BOOKMARK [2][-]{subsection.2.3.1}{\376\377\000N\000o\000d\000e\000w\000i\000s\000e\000\040\000F\000i\000t\000\040\000M\000e\000a\000s\000u\000r\000e\000s}{section.2.3}% 23
\BOOKMARK [2][-]{subsection.2.3.2}{\376\377\000G\000l\000o\000b\000a\000l\000\040\000F\000i\000t\000\040\000M\000e\000a\000s\000u\000r\000e\000s}{section.2.3}% 24
\BOOKMARK [1][-]{section.2.4}{\376\377\000G\000e\000n\000e\000r\000a\000l\000\040\000D\000i\000s\000c\000u\000s\000s\000i\000o\000n}{chapter.2}% 25
\BOOKMARK [2][-]{subsection.2.4.1}{\376\377\000E\000x\000t\000e\000n\000d\000i\000n\000g\000\040\000P\000a\000i\000r\000w\000i\000s\000e\000\040\000N\000e\000t\000w\000o\000r\000k\000s\000\040\000w\000i\000t\000h\000\040\000T\000e\000m\000p\000o\000r\000a\000l\000\040\000D\000a\000t\000a}{section.2.4}% 26
\BOOKMARK [0][-]{chapter.3}{\376\377\000N\000e\000t\000w\000o\000r\000k\000\040\000S\000t\000a\000b\000i\000l\000i\000t\000y\000\040\000a\000n\000d\000\040\000M\000o\000d\000e\000l\000\040\000S\000e\000l\000e\000c\000t\000i\000o\000n}{}% 27
\BOOKMARK [1][-]{section.3.1}{\376\377\000M\000o\000d\000e\000l\000\040\000S\000e\000l\000e\000c\000t\000i\000o\000n}{chapter.3}% 28
\BOOKMARK [2][-]{subsection.3.1.1}{\376\377\000T\000h\000r\000e\000s\000h\000o\000l\000d\000i\000n\000g}{section.3.1}% 29
\BOOKMARK [2][-]{subsection.3.1.2}{\376\377\000M\000o\000d\000e\000l\000\040\000S\000e\000a\000r\000c\000h}{section.3.1}% 30
\BOOKMARK [2][-]{subsection.3.1.3}{\376\377\000R\000e\000g\000u\000l\000a\000r\000i\000z\000a\000t\000i\000o\000n}{section.3.1}% 31
\BOOKMARK [2][-]{subsection.3.1.4}{\376\377\000T\000h\000e\000\040\000P\000r\000o\000b\000l\000e\000m\000\040\000w\000i\000t\000h\000\040\000M\000o\000d\000e\000r\000a\000t\000e\000d\000\040\000N\000e\000t\000w\000o\000r\000k\000s}{section.3.1}% 32
\BOOKMARK [2][-]{subsection.3.1.5}{\376\377\000S\000u\000m\000m\000a\000r\000y}{section.3.1}% 33
\BOOKMARK [1][-]{section.3.2}{\376\377\000V\000a\000r\000i\000a\000b\000l\000e\000\040\000S\000e\000l\000e\000c\000t\000i\000o\000n\000\040\000w\000i\000t\000h\000\040\000t\000h\000e\000\040\000H\000i\000e\000r\000a\000r\000c\000h\000i\000c\000a\000l\000\040\000L\000A\000S\000S\000O}{chapter.3}% 34
\BOOKMARK [1][-]{section.3.3}{\376\377\000V\000a\000r\000i\000a\000b\000l\000e\000\040\000S\000e\000l\000e\000c\000t\000i\000o\000n\000\040\000w\000i\000t\000h\000\040\000t\000h\000e\000\040\000L\000A\000S\000S\000O}{chapter.3}% 35
\BOOKMARK [2][-]{subsection.3.3.1}{\376\377\000D\000i\000s\000a\000d\000v\000a\000n\000t\000a\000g\000e\000s\000\040\000o\000f\000\040\000t\000h\000e\000\040\000L\000A\000S\000S\000O}{section.3.3}% 36
\BOOKMARK [2][-]{subsection.3.3.2}{\376\377\000V\000a\000r\000i\000a\000b\000l\000e\000\040\000S\000e\000l\000e\000c\000t\000i\000o\000n\000\040\000a\000n\000d\000\040\000I\000n\000t\000e\000r\000a\000c\000t\000i\000o\000n\000\040\000T\000e\000r\000m\000s}{section.3.3}% 37
\BOOKMARK [1][-]{section.3.4}{\376\377\000S\000t\000a\000b\000i\000l\000i\000t\000y\000\040\000S\000e\000l\000e\000c\000t\000i\000o\000n}{chapter.3}% 38
\BOOKMARK [0][-]{chapter.4}{\376\377\000M\000o\000d\000e\000r\000a\000t\000o\000r\000s\000\040\000i\000n\000\040\000T\000e\000m\000p\000o\000r\000a\000l\000\040\000N\000e\000t\000w\000o\000r\000k\000s}{}% 39
\BOOKMARK [1][-]{section.4.1}{\376\377\000T\000i\000m\000e\000\040\000S\000e\000r\000i\000e\000s\000\040\000M\000o\000d\000e\000l\000s\000\040\000o\000f\000\040\000P\000s\000y\000c\000h\000o\000l\000o\000g\000i\000c\000a\000l\000\040\000P\000r\000o\000c\000e\000s\000s\000e\000s}{chapter.4}% 40
\BOOKMARK [2][-]{subsection.4.1.1}{\376\377\000S\000t\000a\000t\000i\000o\000n\000a\000r\000i\000t\000y\000\040\000A\000s\000s\000u\000m\000p\000t\000i\000o\000n\000s}{section.4.1}% 41
\BOOKMARK [2][-]{subsection.4.1.2}{\376\377\000E\000s\000t\000i\000m\000a\000t\000i\000n\000g\000\040\000T\000e\000m\000p\000o\000r\000a\000l\000\040\000a\000n\000d\000\040\000C\000o\000n\000t\000e\000m\000p\000o\000r\000a\000n\000e\000o\000u\000s\000\040\000N\000e\000t\000w\000o\000r\000k\000s}{section.4.1}% 42
\BOOKMARK [3][-]{subsubsection.4.1.2.1}{\376\377\000G\000r\000a\000p\000h\000i\000c\000a\000l\000\040\000V\000A\000R}{subsection.4.1.2}% 43
\BOOKMARK [2][-]{subsection.4.1.3}{\376\377\000S\000e\000e\000m\000i\000n\000g\000l\000y\000\040\000U\000n\000r\000e\000l\000a\000t\000e\000d\000\040\000R\000e\000g\000r\000e\000s\000s\000i\000o\000n\000\040\000\050\000S\000U\000R\000\051}{section.4.1}% 44
\BOOKMARK [3][-]{subsubsection.4.1.3.1}{\376\377\000C\000o\000p\000i\000n\000g\000\040\000w\000i\000t\000h\000\040\000c\000o\000r\000r\000e\000l\000a\000t\000e\000d\000\040\000e\000r\000r\000o\000r\000s}{subsection.4.1.3}% 45
\BOOKMARK [3][-]{subsubsection.4.1.3.2}{\376\377\000T\000w\000o\000-\000s\000t\000a\000g\000e\000\040\000g\000r\000a\000p\000h\000i\000c\000a\000l\000\040\000S\000U\000R}{subsection.4.1.3}% 46
\BOOKMARK [1][-]{section.4.2}{\376\377\000E\000x\000p\000e\000r\000i\000e\000n\000c\000e\000\040\000S\000a\000m\000p\000l\000i\000n\000g\000\040\000M\000e\000t\000h\000o\000d\000o\000l\000o\000g\000y}{chapter.4}% 47
\BOOKMARK [2][-]{subsection.4.2.1}{\376\377\000T\000i\000m\000e\000-\000V\000a\000r\000y\000i\000n\000g\000\040\000E\000f\000f\000e\000c\000t\000\040\000M\000o\000d\000e\000l\000s}{section.4.2}% 48
\BOOKMARK [1][-]{section.4.3}{\376\377\000M\000u\000l\000t\000i\000v\000a\000r\000i\000a\000t\000e\000\040\000T\000i\000m\000e\000\040\000S\000e\000r\000i\000e\000s\000\040\000M\000o\000d\000e\000l\000s}{chapter.4}% 49
\BOOKMARK [2][-]{subsection.4.3.1}{\376\377\000A\000u\000t\000o\000r\000e\000g\000r\000e\000s\000s\000i\000v\000e\000\040\000M\000o\000d\000e\000l\000s}{section.4.3}% 50
\BOOKMARK [2][-]{subsection.4.3.2}{\376\377\000V\000e\000c\000t\000o\000r\000\040\000A\000u\000t\000o\000r\000e\000g\000r\000e\000s\000s\000i\000v\000e\000\040\000M\000o\000d\000e\000l}{section.4.3}% 51
\BOOKMARK [2][-]{subsection.4.3.3}{\376\377\000G\000r\000a\000p\000h\000i\000c\000a\000l\000\040\000V\000A\000R}{section.4.3}% 52
\BOOKMARK [2][-]{subsection.4.3.4}{\376\377\000S\000e\000e\000m\000i\000n\000g\000l\000y\000\040\000U\000n\000r\000e\000l\000a\000t\000e\000d\000\040\000R\000e\000g\000r\000e\000s\000s\000i\000o\000n\000s}{section.4.3}% 53
\BOOKMARK [2][-]{subsection.4.3.5}{\376\377\000T\000w\000o\000-\000S\000t\000a\000g\000e\000\040\000G\000r\000a\000p\000h\000i\000c\000a\000l\000\040\000S\000U\000R}{section.4.3}% 54
\BOOKMARK [1][-]{section.4.4}{\376\377\000M\000i\000x\000e\000d\000\040\000M\000o\000d\000e\000r\000a\000t\000e\000d\000\040\000V\000e\000c\000t\000o\000r\000\040\000A\000u\000t\000o\000r\000e\000g\000r\000e\000s\000s\000i\000o\000n}{chapter.4}% 55
\BOOKMARK [2][-]{subsection.4.4.1}{\376\377\000M\000a\000x\000i\000m\000u\000m\000\040\000L\000i\000k\000e\000l\000i\000h\000o\000o\000d\000\040\000A\000p\000p\000r\000o\000a\000c\000h\000e\000s}{section.4.4}% 56
\BOOKMARK [2][-]{subsection.4.4.2}{\376\377\000P\000a\000r\000t\000i\000a\000l\000\040\000C\000o\000n\000t\000e\000m\000p\000o\000r\000a\000n\000e\000o\000u\000s\000\040\000a\000n\000d\000\040\000D\000i\000r\000e\000c\000t\000e\000d\000\040\000C\000o\000r\000r\000e\000l\000a\000t\000i\000o\000n\000s}{section.4.4}% 57
\BOOKMARK [0][-]{chapter.5}{\376\377\000M\000u\000l\000t\000i\000l\000e\000v\000e\000l\000\040\000M\000o\000d\000e\000r\000a\000t\000e\000d\000\040\000N\000e\000t\000w\000o\000r\000k\000s}{}% 58
\BOOKMARK [1][-]{section.5.1}{\376\377\000W\000i\000t\000h\000i\000n\000-\000P\000e\000r\000s\000o\000n\000\040\000P\000r\000o\000c\000e\000s\000s\000e\000s}{chapter.5}% 59
\BOOKMARK [2][-]{subsection.5.1.1}{\376\377\000M\000u\000l\000t\000i\000l\000e\000v\000e\000l\000\040\000M\000o\000d\000e\000l\000s}{section.5.1}% 60
\BOOKMARK [3][-]{subsubsection.5.1.1.1}{\376\377\000S\000o\000u\000r\000c\000e\000s\000\040\000o\000f\000\040\000v\000a\000r\000i\000a\000b\000i\000l\000i\000t\000y\000\040\000i\000n\000\040\000t\000w\000o\000-\000l\000e\000v\000e\000l\000\040\000m\000o\000d\000e\000l\000s}{subsection.5.1.1}% 61
\BOOKMARK [2][-]{subsection.5.1.2}{\376\377\000P\000e\000r\000s\000o\000n\000-\000M\000e\000a\000n\000\040\000C\000e\000n\000t\000e\000r\000i\000n\000g}{section.5.1}% 62
\BOOKMARK [3][-]{subsubsection.5.1.2.1}{\376\377\000O\000t\000h\000e\000r\000\040\000t\000y\000p\000e\000s\000\040\000o\000f\000\040\000c\000e\000n\000t\000e\000r\000i\000n\000g}{subsection.5.1.2}% 63
\BOOKMARK [3][-]{subsubsection.5.1.2.2}{\376\377\000L\000e\000v\000e\000l\000\040\0001\000\040\000i\000n\000t\000e\000r\000a\000c\000t\000i\000o\000n}{subsection.5.1.2}% 64
\BOOKMARK [2][-]{subsection.5.1.3}{\376\377\000M\000u\000l\000t\000i\000l\000e\000v\000e\000l\000\040\000V\000e\000c\000t\000o\000r\000\040\000A\000u\000t\000o\000r\000e\000g\000r\000e\000s\000s\000i\000o\000n}{section.5.1}% 65
\BOOKMARK [3][-]{subsubsection.5.1.3.1}{\376\377\000M\000a\000k\000i\000n\000g\000\040\000t\000h\000e\000\040\000m\000o\000d\000e\000l\000\040\000c\000o\000m\000p\000a\000t\000i\000b\000l\000e\000\040\000w\000i\000t\000h\000\040\000s\000o\000f\000t\000w\000a\000r\000e}{subsection.5.1.3}% 66
\BOOKMARK [3][-]{subsubsection.5.1.3.2}{\376\377\000S\000i\000m\000p\000l\000e\000\040\000e\000x\000a\000m\000p\000l\000e\000\040\000o\000f\000\040\000r\000a\000n\000d\000o\000m\000\040\000e\000f\000f\000e\000c\000t\000s}{subsection.5.1.3}% 67
\BOOKMARK [2][-]{subsection.5.1.4}{\376\377\000M\000u\000l\000t\000i\000l\000e\000v\000e\000l\000\040\000G\000r\000a\000p\000h\000i\000c\000a\000l\000\040\000V\000A\000R}{section.5.1}% 68
\BOOKMARK [3][-]{subsubsection.5.1.4.1}{\376\377\000P\000o\000o\000l\000e\000d\000\040\000a\000n\000d\000\040\000i\000n\000d\000i\000v\000i\000d\000u\000a\000l\000\040\000L\000A\000S\000S\000O\000\040\000e\000s\000t\000i\000m\000a\000t\000i\000o\000n}{subsection.5.1.4}% 69
\BOOKMARK [3][-]{subsubsection.5.1.4.2}{\376\377\000T\000w\000o\000-\000s\000t\000e\000p\000\040\000f\000r\000e\000q\000u\000e\000n\000t\000i\000s\000t\000\040\000m\000u\000l\000t\000i\000l\000e\000v\000e\000l\000\040\000m\000o\000d\000e\000l}{subsection.5.1.4}% 70
\BOOKMARK [3][-]{subsubsection.5.1.4.3}{\376\377\000N\000\040\000=\000\040\0001\000\040\000G\000r\000a\000p\000h\000i\000c\000a\000l\000\040\000V\000A\000R}{subsection.5.1.4}% 71
\BOOKMARK [1][-]{section.5.2}{\376\377\000T\000w\000o\000-\000S\000t\000e\000p\000\040\000M\000u\000l\000t\000i\000l\000e\000v\000e\000l\000\040\000V\000A\000R}{chapter.5}% 72
\BOOKMARK [2][-]{subsection.5.2.1}{\376\377\000S\000t\000e\000p\000\040\0001\000:\000\040\000T\000e\000m\000p\000o\000r\000a\000l\000\040\000a\000n\000d\000\040\000B\000e\000t\000w\000e\000e\000n\000-\000S\000u\000b\000j\000e\000c\000t\000s\000\040\000N\000e\000t\000w\000o\000r\000k\000s}{section.5.2}% 73
\BOOKMARK [2][-]{subsection.5.2.2}{\376\377\000S\000t\000e\000p\000\040\0002\000:\000\040\000C\000o\000n\000t\000e\000m\000p\000o\000r\000a\000n\000e\000o\000u\000s\000\040\000N\000e\000t\000w\000o\000r\000k\000s}{section.5.2}% 74
\BOOKMARK [0][-]{chapter.6}{\376\377\000C\000o\000n\000c\000l\000u\000s\000i\000o\000n}{}% 75
\BOOKMARK [0][-]{appendix.A}{\376\377\000A\000p\000p\000e\000n\000d\000i\000x\000\040\000F\000i\000l\000l\000e\000r}{}% 76
